2021-12-01T07:06:22.328Z - normal: Load ~/.CocosCreator/settings.json
2021-12-01T07:06:22.362Z - normal: Initializing Asset Database
2021-12-01T07:06:22.364Z - normal: checking language setting...
2021-12-01T07:06:22.364Z - normal: Language: en
2021-12-01T07:06:22.783Z - success: preview server running at http://localhost:7456
2021-12-01T07:06:22.796Z - success: protocol editor-framework registered
2021-12-01T07:06:22.796Z - success: protocol app registered
2021-12-01T07:06:22.796Z - success: protocol theme registered
2021-12-01T07:06:22.796Z - success: protocol packages registered
2021-12-01T07:06:22.796Z - success: protocol uuid registerred
2021-12-01T07:06:22.796Z - success: protocol db registerred
2021-12-01T07:06:22.796Z - success: protocol thumbnail registerred
2021-12-01T07:06:22.796Z - success: protocol unpack registerred
2021-12-01T07:06:22.796Z - success: protocol disable-commonjs registerred
2021-12-01T07:06:23.747Z - normal: connected!
2021-12-01T07:06:23.749Z - normal: Check project /Users/fe-ducnhon-fresher/Documents/Cocos/Hello World
2021-12-01T07:06:23.750Z - normal: Initializing project /Users/fe-ducnhon-fresher/Documents/Cocos/Hello World
2021-12-01T07:06:23.981Z - normal: Initializing Cocos2d
2021-12-01T07:06:24.388Z - normal: Initializing engine extends
2021-12-01T07:06:24.402Z - success: alipay-adapter loaded
2021-12-01T07:06:24.410Z - success: asset-db-debugger loaded
2021-12-01T07:06:24.414Z - success: baidu-adapter loaded
2021-12-01T07:06:24.417Z - success: color-picker loaded
2021-12-01T07:06:24.503Z - success: fb-audience-network loaded
2021-12-01T07:06:24.549Z - success: fb-live-stream loaded
2021-12-01T07:06:24.551Z - success: google-play-instant loaded
2021-12-01T07:06:24.554Z - success: huawei-runtime loaded
2021-12-01T07:06:24.686Z - success: cpk-publish loaded
2021-12-01T07:06:24.686Z - success: jsb-adapter loaded
2021-12-01T07:06:24.689Z - success: oppo-runtime loaded
2021-12-01T07:06:24.692Z - success: package-manager loaded
2021-12-01T07:06:24.760Z - success: qqplay-adapter loaded
2021-12-01T07:06:24.761Z - success: runtime-dev-tools loaded
2021-12-01T07:06:24.764Z - success: sdkbox loaded
2021-12-01T07:06:24.767Z - success: tester loaded
2021-12-01T07:06:24.769Z - success: ui-kit-preview-extra loaded
2021-12-01T07:06:24.770Z - success: ui-kit-preview loaded
2021-12-01T07:06:24.772Z - success: ui-kit loaded
2021-12-01T07:06:24.776Z - success: vivo-runtime loaded
2021-12-01T07:06:24.776Z - success: weapp-adapter loaded
2021-12-01T07:06:24.776Z - success: xiaomi-adapter loaded
2021-12-01T07:06:24.778Z - success: alipay-minigame loaded
2021-12-01T07:06:24.806Z - success: assets loaded
2021-12-01T07:06:24.808Z - success: builder loaded
2021-12-01T07:06:24.970Z - success: cocos-services loaded
2021-12-01T07:06:24.974Z - success: console loaded
2021-12-01T07:06:24.997Z - success: fb-instant-games loaded
2021-12-01T07:06:25.000Z - success: game-window loaded
2021-12-01T07:06:25.001Z - success: google-instant-games loaded
2021-12-01T07:06:25.004Z - success: hierarchy loaded
2021-12-01T07:06:25.006Z - success: inspector loaded
2021-12-01T07:06:25.007Z - success: keystore loaded
2021-12-01T07:06:25.011Z - success: node-library loaded
2021-12-01T07:06:25.012Z - success: package-asset loaded
2021-12-01T07:06:25.012Z - success: preferences loaded
2021-12-01T07:06:25.014Z - success: project-exporter loaded
2021-12-01T07:06:25.017Z - success: project-importer loaded
2021-12-01T07:06:25.020Z - success: project-settings loaded
2021-12-01T07:06:25.023Z - success: scene loaded
2021-12-01T07:06:25.024Z - success: simulator-debugger loaded
2021-12-01T07:06:25.024Z - success: sprite-editor loaded
2021-12-01T07:06:25.027Z - success: store loaded
2021-12-01T07:06:25.032Z - success: timeline loaded
2021-12-01T07:06:25.035Z - success: xiaomi-runtime loaded
2021-12-01T07:06:28.487Z - normal: Loading packages
2021-12-01T07:06:28.492Z - normal: Watching packages
2021-12-01T07:06:28.565Z - normal: Run Application
2021-12-01T07:06:32.990Z - info: Cocos Services load base data!
2021-12-01T07:30:44.579Z - info: shutdown preview server
